<?xml version="1.0" encoding="UTF-8"?>
<!-- Generated by org.testng.reporters.JUnitReportReporter -->
<testsuite hostname="Yuans-MacBook-Pro.local" failures="0" tests="2" name="com.herokuapp.theinternet.NegativeTests" time="18.660" errors="0" timestamp="20 Mar. 2020 05:49:40 GMT" skipped="0">
  <testcase classname="com.herokuapp.theinternet.NegativeTests" name="loginTest" time="11.168"/>
  <testcase classname="com.herokuapp.theinternet.NegativeTests" name="loginTest" time="7.492"/>
</testsuite> <!-- com.herokuapp.theinternet.NegativeTests -->
