<?xml version="1.0" encoding="UTF-8"?>
<!-- Generated by org.testng.reporters.JUnitReportReporter -->
<testsuite hostname="Yuans-MacBook-Pro.local" failures="0" tests="2" name="com.herokuapp.theinternet.NegativeTests" time="14.820" errors="0" timestamp="19 Mar. 2020 06:03:03 GMT" skipped="0">
  <testcase classname="com.herokuapp.theinternet.NegativeTests" name="negativeTest" time="6.125"/>
  <testcase classname="com.herokuapp.theinternet.NegativeTests" name="negativeTest" time="8.695"/>
</testsuite> <!-- com.herokuapp.theinternet.NegativeTests -->
