<?xml version="1.0" encoding="UTF-8"?>
<!-- Generated by org.testng.reporters.JUnitReportReporter -->
<testsuite hostname="Yuans-MacBook-Pro.local" failures="0" tests="1" name="com.herokuapp.theinternet.checkboxtests.CheckboxTests" time="8.863" errors="0" timestamp="20 Mar. 2020 09:00:23 GMT" skipped="0">
  <testcase classname="com.herokuapp.theinternet.checkboxtests.CheckboxTests" name="selectTwoCheckboxTest" time="8.863"/>
</testsuite> <!-- com.herokuapp.theinternet.checkboxtests.CheckboxTests -->
