<?xml version="1.0" encoding="UTF-8"?>
<!-- Generated by org.testng.reporters.JUnitReportReporter -->
<testsuite hostname="Yuans-MacBook-Pro.local" failures="0" tests="1" name="com.herokuapp.theinternet.PositiveTests" time="13.871" errors="0" timestamp="20 Mar. 2020 03:59:06 GMT" skipped="0">
  <testcase classname="com.herokuapp.theinternet.PositiveTests" name="logInTest" time="13.871"/>
</testsuite> <!-- com.herokuapp.theinternet.PositiveTests -->
