<?xml version="1.0" encoding="UTF-8"?>
<!-- Generated by org.testng.reporters.JUnitReportReporter -->
<testsuite hostname="Yuans-MacBook-Pro.local" failures="0" tests="1" name="com.herokuapp.theinternet.NegativeLoginTests" time="0.000" errors="0" timestamp="21 Mar. 2020 05:28:34 GMT" skipped="1">
  <testcase classname="com.herokuapp.theinternet.NegativeLoginTests" name="loginTest" time="0.000">
    <skipped/>
  </testcase> <!-- loginTest -->
</testsuite> <!-- com.herokuapp.theinternet.NegativeLoginTests -->
